=~=~=~=~=~=~=~=~=~=~=~= PuTTY log 2022.12.10 00:13:19 =~=~=~=~=~=~=~=~=~=~=~=
[0;32mI (99279) Status message: Checking if GPIO2 is actually set
[0m
[0;32mI (99282) PASS: GPIO2 was set correctly
[0m
[0;32mI (99779) PASS: time = 500ms 
[0m
Giving semaphore
[0;32mI (99781) main: cnt: 66
[0m
Checker
[0;32mI (100779) Status message: Checking if GPIO2 is actually set
[0m
[0;32mI (100782) PASS: GPIO2 was set correctly
[0m

 ets Jan  8 2013,rst cause:2, boot mode:(3,6)

load 0x40100000, len 7032, room 16 
tail 8
chksum 0x94
load 0x3ffe8408, len 24, room 0 
tail 8
chksum 0x2d
load 0x3ffe8420, len 3328, room 0 
tail 0
chksum 0x58
csum 0x58
[0;32mI (48) boot: ESP-IDF v3.4-49-g0f200b46-dirty 2nd stage bootloader[0m
[0;32mI (48) boot: compile time 20:10:06[0m
[0;32mI (49) boot: SPI Speed      : 40MHz[0m
[0;32mI (55) boot: SPI Mode       : DOUT[0m
[0;32mI (62) boot: SPI Flash Size : 1MB[0m
[0;32mI (68) boot: Partition Table:[0m
[0;32mI (73) boot: ## Label            Usage          Type ST Offset   Length[0m
[0;32mI (85) boot:  0 nvs              WiFi data        01 02 00009000 00006000[0m
[0;32mI (96) boot:  1 phy_init         RF data          01 01 0000f000 00001000[0m
[0;32mI (108) boot:  2 factory          factory app      00 00 00010000 000f0000[0m
[0;32mI (119) boot: End of partition table[0m
[0;32mI (126) esp_image: segment 0: paddr=0x00010010 vaddr=0x40210010 size=0x1624c ( 90700) map[0m
[0;32mI (179) esp_image: segment 1: paddr=0x00026264 vaddr=0x4022625c size=0x05a68 ( 23144) map[0m
[0;32mI (190) esp_image: segment 2: paddr=0x0002bcd4 vaddr=0x3ffe8000 size=0x003dc (   988) load[0m
[0;32mI (190) esp_image: segment 3: paddr=0x0002c0b8 vaddr=0x40100000 size=0x00080 (   128) load[0m
[0;32mI (204) esp_image: segment 4: paddr=0x0002c140 vaddr=0x40100080 size=0x04558 ( 17752) load[0m
[0;32mI (225) boot: Loaded app from partition at offset 0x10000[0m
[0;32mI (246) gpio: GPIO[2]| InputEn: 0| OutputEn: 1| OpenDrain: 0| Pullup: 0| Pulldown: 0| Intr:0 [0m
[0;32mI (251) Status message: GPIO 2 configured as output
[0m
[0;32mI (257) Status message: Checking if GPIO2 is actually set
[0m
[0;32mI (267) PASS: GPIO2 was set correctly
[0m
[0;32mI (769) PASS: time = 500ms 
[0m
Giving semaphore
[0;32mI (771) main: cnt: 0
[0m
Checker
[0;32mI (1769) Status message: Checking if GPIO2 is actually set
[0m
[0;32mI (1772) PASS: GPIO2 was set correctly
[0m
[0;32mI (2269) PASS: time = 500ms 
[0m
Giving semaphore
[0;32mI (2271) main: cnt: 1
[0m
Checker
[0;32mI (3269) Status message: Checking if GPIO2 is actually set
[0m
[0;32mI (3272) PASS: GPIO2 was set correctly
[0m
[0;32mI (3769) PASS: time = 500ms 
[0m
Giving semaphore
[0;32mI (3771) main: cnt: 2
[0m
Checker
[0;32mI (4769) Status message: Checking if GPIO2 is actually set
[0m
[0;32mI (4772) PASS: GPIO2 was set correctly
[0m
[0;32mI (5269) PASS: time = 500ms 
[0m
Giving semaphore
[0;32mI (5271) main: cnt: 3
[0m
Checker
[0;32mI (6269) Status message: Checking if GPIO2 is actually set
[0m
[0;32mI (6272) PASS: GPIO2 was set correctly
[0m
[0;32mI (6769) PASS: time = 500ms 
[0m
Giving semaphore
[0;32mI (6771) main: cnt: 4
[0m
Checker
[0;32mI (7769) Status message: Checking if GPIO2 is actually set
[0m
[0;32mI (7772) PASS: GPIO2 was set correctly
[0m
[0;32mI (8269) PASS: time = 500ms 
[0m
Giving semaphore
[0;32mI (8271) main: cnt: 5
[0m
Checker
[0;32mI (9270) Status message: Checking if GPIO2 is actually set
[0m
[0;32mI (9273) PASS: GPIO2 was set correctly
[0m
[0;32mI (9770) PASS: time = 500ms 
[0m
Giving semaphore
[0;32mI (9772) main: cnt: 6
[0m
Checker
[0;32mI (10770) Status message: Checking if GPIO2 is actually set
[0m
[0;32mI (10773) PASS: GPIO2 was set correctly
[0m
[0;32mI (11270) PASS: time = 500ms 
[0m
Giving semaphore
[0;32mI (11272) main: cnt: 7
[0m
Checker
[0;32mI (12270) Status message: Checking if GPIO2 is actually set
[0m
[0;32mI (12273) PASS: GPIO2 was set correctly
[0m
[0;32mI (12770) PASS: time = 500ms 
[0m
Giving semaphore
[0;32mI (12772) main: cnt: 8
[0m
Checker
[0;32mI (13770) Status message: Checking if GPIO2 is actually set
[0m
[0;32mI (13773) PASS: GPIO2 was set correctly
[0m
[0;32mI (14270) PASS: time = 500ms 
[0m
Giving semaphore
[0;32mI (14272) main: cnt: 9
[0m
Checker
[0;32mI (15270) Status message: Checking if GPIO2 is actually set
[0m
[0;32mI (15273) PASS: GPIO2 was set correctly
[0m
[0;32mI (15770) PASS: time = 500ms 
[0m
Giving semaphore
[0;32mI (15772) main: cnt: 10
[0m
Checker
[0;32mI (16770) Status message: Checking if GPIO2 is actually set
[0m
[0;32mI (16773) PASS: GPIO2 was set correctly
[0m
[0;32mI (17270) PASS: time = 500ms 
[0m
Giving semaphore
[0;32mI (17272) main: cnt: 11
[0m
Checker
[0;32mI (18271) Status message: Checking if GPIO2 is actually set
[0m
[0;32mI (18274) PASS: GPIO2 was set correctly
[0m
[0;32mI (18771) PASS: time = 500ms 
[0m
Giving semaphore
[0;32mI (18773) main: cnt: 12
[0m
Checker
[0;32mI (19771) Status message: Checking if GPIO2 is actually set
[0m
[0;32mI (19774) PASS: GPIO2 was set correctly
[0m
[0;32mI (20271) PASS: time = 500ms 
[0m
Giving semaphore
[0;32mI (20273) main: cnt: 13
[0m
Checker
[0;32mI (21271) Status message: Checking if GPIO2 is actually set
[0m
[0;32mI (21274) PASS: GPIO2 was set correctly
[0m
[0;32mI (21771) PASS: time = 500ms 
[0m
Giving semaphore
[0;32mI (21773) main: cnt: 14
[0m
Checker
[0;32mI (22771) Status message: Checking if GPIO2 is actually set
[0m
[0;32mI (22774) PASS: GPIO2 was set correctly
[0m
[0;32mI (23271) PASS: time = 500ms 
[0m
Giving semaphore
[0;32mI (23273) main: cnt: 15
[0m
Checker
[0;32mI (24271) Status message: Checking if GPIO2 is actually set
[0m
[0;32mI (24274) PASS: GPIO2 was set correctly
[0m
[0;32mI (24771) PASS: time = 500ms 
[0m
Giving semaphore
[0;32mI (24773) main: cnt: 16
[0m
Checker
[0;32mI (25771) Status message: Checking if GPIO2 is actually set
[0m
[0;32mI (25774) PASS: GPIO2 was set correctly
[0m
[0;32mI (26271) PASS: time = 500ms 
[0m
Giving semaphore
[0;32mI (26273) main: cnt: 17
[0m
Checker

 ets Jan  8 2013,rst cause:2, boot mode:(3,6)

load 0x40100000, len 7032, room 16 
tail 8
chksum 0x94
load 0x3ffe8408, len 24, room 0 
tail 8
chksum 0x2d
load 0x3ffe8420, len 3328, room 0 
tail 0
chksum 0x58
csum 0x58
[0;32mI (48) boot: ESP-IDF v3.4-49-g0f200b46-dirty 2nd stage bootloader[0m
[0;32mI (48) boot: compile time 20:10:06[0m
[0;32mI (49) boot: SPI Speed      : 40MHz[0m
[0;32mI (55) boot: SPI Mode       : DOUT[0m
[0;32mI (62) boot: SPI Flash Size : 1MB[0m
[0;32mI (68) boot: Partition Table:[0m
[0;32mI (73) boot: ## Label            Usage          Type ST Offset   Length[0m
[0;32mI (85) boot:  0 nvs              WiFi data        01 02 00009000 00006000[0m
[0;32mI (96) boot:  1 phy_init         RF data          01 01 0000f000 00001000[0m
[0;32mI (108) boot:  2 factory          factory app      00 00 00010000 000f0000[0m
[0;32mI (119) boot: End of partition table[0m
[0;32mI (126) esp_image: segment 0: paddr=0x00010010 vaddr=0x40210010 size=0x1624c ( 90700) map[0m
[0;32mI (179) esp_image: segment 1: paddr=0x00026264 vaddr=0x4022625c size=0x05a68 ( 23144) map[0m
[0;32mI (190) esp_image: segment 2: paddr=0x0002bcd4 vaddr=0x3ffe8000 size=0x003dc (   988) load[0m
[0;32mI (190) esp_image: segment 3: paddr=0x0002c0b8 vaddr=0x40100000 size=0x00080 (   128) load[0m
[0;32mI (204) esp_image: segment 4: paddr=0x0002c140 vaddr=0x40100080 size=0x04558 ( 17752) load[0m
[0;32mI (225) boot: Loaded app from partition at offset 0x10000[0m
[0;32mI (246) gpio: GPIO[2]| InputEn: 0| OutputEn: 1| OpenDrain: 0| Pullup: 0| Pulldown: 0| Intr:0 [0m
[0;32mI (251) Status message: GPIO 2 configured as output
[0m
[0;32mI (257) Status message: Checking if GPIO2 is actually set
[0m
[0;32mI (267) PASS: GPIO2 was set correctly
[0m
[0;32mI (769) PASS: time = 500ms 
[0m
Giving semaphore
[0;32mI (771) main: cnt: 0
[0m
Checker
[0;32mI (1769) Status message: Checking if GPIO2 is actually set
[0m
[0;32mI (1772) PASS: GPIO2 was set correctly
[0m
[0;32mI (2269) PASS: time = 500ms 
[0m
Giving semaphore
[0;32mI (2271) main: cnt: 1
[0m
Checker
[0;32mI (3269) Status message: Checking if GPIO2 is actually set
[0m
[0;32mI (3272) PASS: GPIO2 was set correctly
[0m
[0;32mI (3769) PASS: time = 500ms 
[0m
Giving semaphore
[0;32mI (3771) main: cnt: 2
[0m
Checker
[0;32mI (4769) Status message: Checking if GPIO2 is actually set
[0m
[0;32mI (4772) PASS: GPIO2 was set correctly
[0m
[0;32mI (5269) PASS: time = 500ms 
[0m
Giving semaphore
[0;32mI (5271) main: cnt: 3
[0m
Checker
[0;32mI (6269) Status message: Checking if GPIO2 is actually set
[0m
[0;32mI (6272) PASS: GPIO2 was set correctly
[0m
[0;32mI (6769) PASS: time = 500ms 
[0m
Giving semaphore
[0;32mI (6771) main: cnt: 4
[0m
Checker
[0;32mI (7769) Status message: Checking if GPIO2 is actually set
[0m
[0;32mI (7772) PASS: GPIO2 was set correctly
[0m
[0;32mI (8269) PASS: time = 500ms 
[0m
Giving semaphore
[0;32mI (8271) main: cnt: 5
[0m
Checker
[0;32mI (9270) Status message: Checking if GPIO2 is actually set
[0m
[0;32mI (9273) PASS: GPIO2 was set correctly
[0m
[0;32mI (9770) PASS: time = 500ms 
[0m
Giving semaphore
[0;32mI (9772) main: cnt: 6
[0m
Checker
[0;32mI (10770) Status message: Checking if GPIO2 is actually set
[0m
[0;32mI (10773) PASS: GPIO2 was set correctly
[0m
[0;32mI (11270) PASS: time = 500ms 
[0m
Giving semaphore
[0;32mI (11272) main: cnt: 7
[0m
Checker
[0;32mI (12270) Status message: Checking if GPIO2 is actually set
[0m
[0;32mI (12273) PASS: GPIO2 was set correctly
[0m
[0;32mI (12770) PASS: time = 500ms 
[0m
Giving semaphore
[0;32mI (12772) main: cnt: 8
[0m
Checker
[0;32mI (13770) Status message: Checking if GPIO2 is actually set
[0m
[0;32mI (13773) PASS: GPIO2 was set correctly
[0m
[0;32mI (14270) PASS: time = 500ms 
[0m
Giving semaphore
[0;32mI (14272) main: cnt: 9
[0m
Checker
[0;32mI (15270) Status message: Checking if GPIO2 is actually set
[0m
[0;32mI (15273) PASS: GPIO2 was set correctly
[0m
[0;32mI (15770) PASS: time = 500ms 
[0m
Giving semaphore
[0;32mI (15772) main: cnt: 10
[0m
Checker
[0;32mI (16770) Status message: Checking if GPIO2 is actually set
[0m
[0;32mI (16773) PASS: GPIO2 was set correctly
[0m
[0;32mI (17270) PASS: time = 500ms 
[0m
Giving semaphore
[0;32mI (17272) main: cnt: 11
[0m
Checker
[0;32mI (18271) Status message: Checking if GPIO2 is actually set
[0m
[0;32mI (18274) PASS: GPIO2 was set correctly
[0m
[0;32mI (18771) PASS: time = 500ms 
[0m
Giving semaphore
[0;32mI (18773) main: cnt: 12
[0m
Checker
